[15Jan2026 02:27:41.166] [main/INFO] [FabricLoader/GameProvider/]: Loading Minecraft 1.21.1 Arclight arclight-1.21.1-1.0.1-8ec9529 with Fabric Loader 0.16.14
mainEx[15Jan2026 02:27:41.356] [main/INFO] [FabricLoader/]: Loading 43 mods:
	- arclight 1.0.1+8ec9529
	   \-- fabric-permissions-api-v0 0.3.1
	- fabric-api 0.116.4+1.21.1
	   |-- fabric-api-base 0.4.42+6573ed8c19
	   |-- fabric-api-lookup-api-v1 1.6.71+b559734419
	   |-- fabric-biome-api-v1 13.0.31+d527f9fd19
	   |-- fabric-block-api-v1 1.1.0+0bc3503219
	   |-- fabric-block-view-api-v2 1.0.11+ebb2264e19
	   |-- fabric-blockrenderlayer-v1 1.1.52+0af3f5a719
	   |-- fabric-client-tags-api-v1 1.1.15+6573ed8c19
	   |-- fabric-command-api-v1 1.2.49+f71b366f19
	   |-- fabric-command-api-v2 2.2.28+6ced4dd919
	   |-- fabric-commands-v0 0.2.66+df3654b319
	   |-- fabric-content-registries-v0 8.0.19+b559734419
	   |-- fabric-convention-tags-v1 2.1.5+7f945d5b19
	   |-- fabric-convention-tags-v2 2.11.1+a406e79519
	   |-- fabric-crash-report-info-v1 0.2.29+0af3f5a719
	   |-- fabric-data-attachment-api-v1 1.4.5+6116a37819
	   |-- fabric-data-generation-api-v1 20.2.32+5b9dea2e19
	   |-- fabric-dimensions-v1 4.0.0+6fc22b9919
	   |-- fabric-entity-events-v1 1.8.0+2b27e0a419
	   |-- fabric-events-interaction-v0 0.7.13+ba9dae0619
	   |-- fabric-game-rule-api-v1 1.0.53+6ced4dd919
	   |-- fabric-item-api-v1 11.1.1+d5debaed19
	   |-- fabric-item-group-api-v1 4.1.7+def88e3a19
	   |-- fabric-key-binding-api-v1 1.0.47+0af3f5a719
	   |-- fabric-keybindings-v0 0.2.45+df3654b319
	   |-- fabric-lifecycle-events-v1 2.6.0+0865547519
	   |-- fabric-loot-api-v2 3.0.15+3f89f5a519
	   |-- fabric-loot-api-v3 1.0.3+3f89f5a519
	   |-- fabric-message-api-v1 6.0.14+8aaf3aca19
	   |-- fabric-model-loading-api-v1 2.0.0+fe474d6b19
	   |-- fabric-networking-api-v1 4.3.0+c7469b2119
	   |-- fabric-object-builder-api-v1 15.2.1+40875a9319
	   |-- fabric-particles-v1 4.0.2+6573ed8c19
	   |-- fabric-recipe-api-v1 5.0.14+248df81c19
	   |-- fabric-registry-sync-v0 5.3.1+e3eddc2119
	   |-- fabric-renderer-api-v1 3.4.0+c705a49c19
	   |-- fabric-renderer-indigo 1.7.0+c705a49c19
	   |-- fabric-renderer-registries-v1 3.2.69+df3654b319
	   |-- fabric-rendering-data-attachment-v1 0.3.49+73761d2e19
	   |-- fabric-rendering-fluids-v1 3.1.6+1daea21519
	   |-- fabric-rendering-v0 1.1.72+df3654b319
	   |-- fabric-rendering-v1 5.1.0+ab4c25a019
	   |-- fabric-resource-conditions-api-v1 4.3.0+8dc279b119
	   |-- fabric-resource-loader-v0 1.3.1+5b5275af19
	   |-- fabric-screen-api-v1 2.0.25+8b68f1c719
	   |-- fabric-screen-handler-api-v1 1.3.90+b559734419
	   |-- fabric-sound-api-v1 1.0.23+6573ed8c19
	   |-- fabric-transfer-api-v1 5.4.3+c24bd99419
	   \-- fabric-transitive-access-wideners-v1 6.2.0+45b9699719
	- fabricloader 0.16.14
	   \-- mixinextras 0.4.1
	- java 21
	- minecraft 1.21.1
mainEx[15Jan2026 02:27:41.449] [main/INFO] [FabricLoader/Mixin/]: SpongePowered MIXIN Subsystem Version=0.8.7 Source=file:/workspaces/la-picha-mia/servidor_minecraft/libraries/net/fabricmc/sponge-mixin/0.15.5+mixin.0.8.7/sponge-mixin-0.15.5+mixin.0.8.7.jar Service=Knot/Fabric Env=SERVER
mainEx[15Jan2026 02:27:41.514] [main/INFO] [FabricLoader/Mixin/]: Compatibility level set to JAVA_21
mainEx[15Jan2026 02:27:41.897] [main/INFO] [Arclight/]: Using locale en_ and fallback locale en_us
mainEx[15Jan2026 02:27:41.901] [main/INFO] [Arclight/]: 

       ___           ___     __   /\
      /   | ________/ (_)__ / /  / /
     / /| |/ __/ __/ / / _ / _ \/__/
    / ___ / / / /_/ / / / / // / /
   /_/  |/_/  \__/_/_/\_ /_//_/ /
                     /__/     \/

    Version 诸王 (Feudal Kings) / arclight-1.21.1-1.0.1-8ec9529
    Build Date 2025-07-16 16:24:32

mainEx[15Jan2026 02:27:43.332] [main/INFO] [FabricLoader/MixinExtras|Service/]: Initializing MixinExtras via com.llamalad7.mixinextras.service.MixinExtrasServiceImpl(version=0.4.1).
mainEx[15Jan2026 02:27:54.771] [main/INFO] [com.mojang.authlib.yggdrasil.YggdrasilAuthenticationService/]: Environment: Environment[sessionHost=https://sessionserver.mojang.com, servicesHost=https://api.minecraftservices.com, name=PROD]
mainEx[15Jan2026 02:27:55.792] [main/INFO] [net.minecraft.server.Main/]: No existing world data, creating new world
mainEx[15Jan2026 02:27:56.679] [main/INFO] [net.minecraft.class_1863/]: Loaded 1290 recipes
mainEx[15Jan2026 02:27:56.912] [main/INFO] [net.minecraft.class_163/]: Loaded 1399 advancements
mainEx[15Jan2026 02:27:57.428] [main/INFO] [net.fabricmc.fabric.impl.biome.modification.BiomeModificationImpl/]: Applied 0 biome modifications to 0 of 64 new biomes in 1.589 ms
mainEx[15Jan2026 02:27:57.437] [Server thread/INFO] [net.minecraft.class_3176/]: Starting minecraft server version 1.21.1
Server threadEx[15Jan2026 02:27:57.437] [Server thread/INFO] [net.minecraft.class_3176/]: Loading properties
Server threadEx[15Jan2026 02:27:57.438] [Server thread/INFO] [net.minecraft.class_3176/]: Default game type: SURVIVAL
Server threadEx[15Jan2026 02:27:57.438] [Server thread/INFO] [net.minecraft.server.MinecraftServer/]: Generating keypair
Server threadEx[15Jan2026 02:27:57.571] [Server thread/INFO] [net.minecraft.class_3176/]: Starting Minecraft server on *:25565
Server threadEx[15Jan2026 02:27:57.667] [Server thread/INFO] [net.minecraft.class_3242/]: Using epoll channel type
Server threadEx[15Jan2026 02:27:57.750] [Server thread/WARN] [net.minecraft.class_3176/]: **** SERVER IS RUNNING IN OFFLINE/INSECURE MODE!
Server threadEx[15Jan2026 02:27:57.750] [Server thread/WARN] [net.minecraft.class_3176/]: The server will make no attempt to authenticate usernames. Beware.
Server threadEx[15Jan2026 02:27:57.750] [Server thread/WARN] [net.minecraft.class_3176/]: While this makes the game possible to play without internet access, it also opens up the ability for hackers to connect with any username they choose.
Server threadEx[15Jan2026 02:27:57.750] [Server thread/WARN] [net.minecraft.class_3176/]: To change this, set "online-mode" to "true" in the server.properties file.
Server threadEx[15Jan2026 02:27:57.961] [Server thread/INFO] [Minecraft/]: This server is running Arclight version arclight-1.21.1-1.0.1-8ec9529 (MC: 1.21.1) (Implementing API version 1.21.1-R0.1-SNAPSHOT)
Server threadEx[15Jan2026 02:27:58.749] [Server thread/INFO] [Minecraft/]: *** This version of Spigot contains changes to some enums. If you notice that plugins no longer work after updating, please report this to the developers of those plugins first. ***
Server threadEx[15Jan2026 02:27:58.749] [Server thread/INFO] [Minecraft/]: *** If you cannot update those plugins, you can try setting `settings.compatibility.enum-compatibility-mode` to `true` in `bukkit.yml`. ***
Server threadEx[15Jan2026 02:27:58.806] [Server thread/INFO] [Arclight/]: Registering for Bukkit ...
Server threadEx[15Jan2026 02:27:58.838] [Server thread/INFO] [Arclight/]: Registered 0 new materials with 0 blocks and 0 items
Server threadEx[15Jan2026 02:27:58.977] [Server thread/INFO] [Arclight/]: Registered 0 new entity types
Server threadEx[15Jan2026 02:27:58.978] [Server thread/INFO] [Arclight/]: Registered 0 new biomes
Server threadEx[15Jan2026 02:27:58.990] [Server thread/INFO] [net.minecraft.class_2983/]: [STDOUT]: Server Ping Player Sample Count: 12
Server threadEx[15Jan2026 02:27:58.992] [Server thread/INFO] [Minecraft/]: Using 4 threads for Netty based IO
Server threadEx[15Jan2026 02:27:58.993] [Server thread/INFO] [Minecraft/]: Debug logging is enabled
Server threadEx[15Jan2026 02:27:59.087] [Server thread/INFO] [net.minecraft.class_3176/]: Preparing level "world"
Server threadEx[15Jan2026 02:27:59.098] [Server thread/INFO] [Arclight/]: Registered 0 new dimensions
Server threadEx[15Jan2026 02:27:59.390] [Server thread/INFO] [Minecraft/]: -------- World Settings For [world] --------
Server threadEx[15Jan2026 02:27:59.391] [Server thread/INFO] [Minecraft/]: Experience Merge Radius: 3.0
Server threadEx[15Jan2026 02:27:59.391] [Server thread/INFO] [Minecraft/]: Mob Spawn Range: 6
Server threadEx[15Jan2026 02:27:59.391] [Server thread/INFO] [Minecraft/]: Arrow Despawn Rate: 1200 Trident Respawn Rate:1200
Server threadEx[15Jan2026 02:27:59.392] [Server thread/INFO] [Minecraft/]: Cactus Growth Modifier: 100%
Server threadEx[15Jan2026 02:27:59.392] [Server thread/INFO] [Minecraft/]: Cane Growth Modifier: 100%
Server threadEx[15Jan2026 02:27:59.392] [Server thread/INFO] [Minecraft/]: Melon Growth Modifier: 100%
Server threadEx[15Jan2026 02:27:59.392] [Server thread/INFO] [Minecraft/]: Mushroom Growth Modifier: 100%
Server threadEx[15Jan2026 02:27:59.392] [Server thread/INFO] [Minecraft/]: Pumpkin Growth Modifier: 100%
Server threadEx[15Jan2026 02:27:59.392] [Server thread/INFO] [Minecraft/]: Sapling Growth Modifier: 100%
Server threadEx[15Jan2026 02:27:59.392] [Server thread/INFO] [Minecraft/]: Beetroot Growth Modifier: 100%
Server threadEx[15Jan2026 02:27:59.392] [Server thread/INFO] [Minecraft/]: Carrot Growth Modifier: 100%
Server threadEx[15Jan2026 02:27:59.392] [Server thread/INFO] [Minecraft/]: Potato Growth Modifier: 100%
Server threadEx[15Jan2026 02:27:59.392] [Server thread/INFO] [Minecraft/]: Wheat Growth Modifier: 100%
Server threadEx[15Jan2026 02:27:59.393] [Server thread/INFO] [Minecraft/]: NetherWart Growth Modifier: 100%
Server threadEx[15Jan2026 02:27:59.393] [Server thread/INFO] [Minecraft/]: Vine Growth Modifier: 100%
Server threadEx[15Jan2026 02:27:59.393] [Server thread/INFO] [Minecraft/]: Cocoa Growth Modifier: 100%
Server threadEx[15Jan2026 02:27:59.393] [Server thread/INFO] [Minecraft/]: Bamboo Growth Modifier: 100%
Server threadEx[15Jan2026 02:27:59.393] [Server thread/INFO] [Minecraft/]: SweetBerry Growth Modifier: 100%
Server threadEx[15Jan2026 02:27:59.393] [Server thread/INFO] [Minecraft/]: Kelp Growth Modifier: 100%
Server threadEx[15Jan2026 02:27:59.393] [Server thread/INFO] [Minecraft/]: TwistingVines Growth Modifier: 100%
Server threadEx[15Jan2026 02:27:59.393] [Server thread/INFO] [Minecraft/]: WeepingVines Growth Modifier: 100%
Server threadEx[15Jan2026 02:27:59.393] [Server thread/INFO] [Minecraft/]: CaveVines Growth Modifier: 100%
Server threadEx[15Jan2026 02:27:59.396] [Server thread/INFO] [Minecraft/]: Entity Activation Range: An 32 / Mo 32 / Ra 48 / Mi 16 / Tiv true / Isa false
Server threadEx[15Jan2026 02:27:59.396] [Server thread/INFO] [Minecraft/]: Entity Tracking Range: Pl 48 / An 48 / Mo 48 / Mi 32 / Di 128 / Other 64
Server threadEx[15Jan2026 02:27:59.397] [Server thread/INFO] [Minecraft/]: Hopper Transfer: 8 Hopper Check: 1 Hopper Amount: 1 Hopper Can Load Chunks: false
Server threadEx[15Jan2026 02:27:59.397] [Server thread/INFO] [Minecraft/]: Zombie Aggressive Towards Villager: true
Server threadEx[15Jan2026 02:27:59.397] [Server thread/INFO] [Minecraft/]: Allow Zombie Pigmen to spawn from portal blocks: true
Server threadEx[15Jan2026 02:27:59.404] [Server thread/INFO] [Minecraft/]: Custom Map Seeds:  Village: 10387312 Desert: 14357617 Igloo: 14357618 Jungle: 14357619 Swamp: 14357620 Monument: 10387313 Ocean: 14357621 Shipwreck: 165745295 End City: 10387313 Slime: 987234911 Nether: 30084232 Mansion: 10387319 Fossil: 14357921 Portal: 34222645
Server threadEx[15Jan2026 02:27:59.405] [Server thread/INFO] [Minecraft/]: Max TNT Explosions: 100
Server threadEx[15Jan2026 02:27:59.405] [Server thread/INFO] [Minecraft/]: Tile Max Tick Time: 50ms Entity max Tick Time: 50ms
Server threadEx[15Jan2026 02:27:59.406] [Server thread/INFO] [Minecraft/]: View Distance: 10
Server threadEx[15Jan2026 02:27:59.406] [Server thread/INFO] [Minecraft/]: Simulation Distance: 10
Server threadEx[15Jan2026 02:27:59.406] [Server thread/INFO] [Minecraft/]: Item Merge Radius: 2.5
Server threadEx[15Jan2026 02:27:59.406] [Server thread/INFO] [Minecraft/]: Item Despawn Rate: 6000
Server threadEx[15Jan2026 02:27:59.406] [Server thread/INFO] [Minecraft/]: Nerfing mobs spawned from spawners: false
Server threadEx[15Jan2026 02:28:05.545] [Server thread/INFO] [Minecraft/]: -------- World Settings For [world/DIM-1] --------
Server threadEx[15Jan2026 02:28:05.545] [Server thread/INFO] [Minecraft/]: Experience Merge Radius: 3.0
Server threadEx[15Jan2026 02:28:05.545] [Server thread/INFO] [Minecraft/]: Mob Spawn Range: 6
Server threadEx[15Jan2026 02:28:05.545] [Server thread/INFO] [Minecraft/]: Arrow Despawn Rate: 1200 Trident Respawn Rate:1200
Server threadEx[15Jan2026 02:28:05.545] [Server thread/INFO] [Minecraft/]: Cactus Growth Modifier: 100%
Server threadEx[15Jan2026 02:28:05.545] [Server thread/INFO] [Minecraft/]: Cane Growth Modifier: 100%
Server threadEx[15Jan2026 02:28:05.545] [Server thread/INFO] [Minecraft/]: Melon Growth Modifier: 100%
Server threadEx[15Jan2026 02:28:05.545] [Server thread/INFO] [Minecraft/]: Mushroom Growth Modifier: 100%
Server threadEx[15Jan2026 02:28:05.545] [Server thread/INFO] [Minecraft/]: Pumpkin Growth Modifier: 100%
Server threadEx[15Jan2026 02:28:05.545] [Server thread/INFO] [Minecraft/]: Sapling Growth Modifier: 100%
Server threadEx[15Jan2026 02:28:05.545] [Server thread/INFO] [Minecraft/]: Beetroot Growth Modifier: 100%
Server threadEx[15Jan2026 02:28:05.545] [Server thread/INFO] [Minecraft/]: Carrot Growth Modifier: 100%
Server threadEx[15Jan2026 02:28:05.545] [Server thread/INFO] [Minecraft/]: Potato Growth Modifier: 100%
Server threadEx[15Jan2026 02:28:05.545] [Server thread/INFO] [Minecraft/]: Wheat Growth Modifier: 100%
Server threadEx[15Jan2026 02:28:05.545] [Server thread/INFO] [Minecraft/]: NetherWart Growth Modifier: 100%
Server threadEx[15Jan2026 02:28:05.545] [Server thread/INFO] [Minecraft/]: Vine Growth Modifier: 100%
Server threadEx[15Jan2026 02:28:05.545] [Server thread/INFO] [Minecraft/]: Cocoa Growth Modifier: 100%
Server threadEx[15Jan2026 02:28:05.545] [Server thread/INFO] [Minecraft/]: Bamboo Growth Modifier: 100%
Server threadEx[15Jan2026 02:28:05.545] [Server thread/INFO] [Minecraft/]: SweetBerry Growth Modifier: 100%
Server threadEx[15Jan2026 02:28:05.545] [Server thread/INFO] [Minecraft/]: Kelp Growth Modifier: 100%
Server threadEx[15Jan2026 02:28:05.545] [Server thread/INFO] [Minecraft/]: TwistingVines Growth Modifier: 100%
Server threadEx[15Jan2026 02:28:05.545] [Server thread/INFO] [Minecraft/]: WeepingVines Growth Modifier: 100%
Server threadEx[15Jan2026 02:28:05.545] [Server thread/INFO] [Minecraft/]: CaveVines Growth Modifier: 100%
Server threadEx[15Jan2026 02:28:05.545] [Server thread/INFO] [Minecraft/]: Entity Activation Range: An 32 / Mo 32 / Ra 48 / Mi 16 / Tiv true / Isa false
Server threadEx[15Jan2026 02:28:05.545] [Server thread/INFO] [Minecraft/]: Entity Tracking Range: Pl 48 / An 48 / Mo 48 / Mi 32 / Di 128 / Other 64
Server threadEx[15Jan2026 02:28:05.545] [Server thread/INFO] [Minecraft/]: Hopper Transfer: 8 Hopper Check: 1 Hopper Amount: 1 Hopper Can Load Chunks: false
Server threadEx[15Jan2026 02:28:05.545] [Server thread/INFO] [Minecraft/]: Zombie Aggressive Towards Villager: true
Server threadEx[15Jan2026 02:28:05.545] [Server thread/INFO] [Minecraft/]: Allow Zombie Pigmen to spawn from portal blocks: true
Server threadEx[15Jan2026 02:28:05.545] [Server thread/INFO] [Minecraft/]: Custom Map Seeds:  Village: 10387312 Desert: 14357617 Igloo: 14357618 Jungle: 14357619 Swamp: 14357620 Monument: 10387313 Ocean: 14357621 Shipwreck: 165745295 End City: 10387313 Slime: 987234911 Nether: 30084232 Mansion: 10387319 Fossil: 14357921 Portal: 34222645
Server threadEx[15Jan2026 02:28:05.545] [Server thread/INFO] [Minecraft/]: Max TNT Explosions: 100
Server threadEx[15Jan2026 02:28:05.545] [Server thread/INFO] [Minecraft/]: Tile Max Tick Time: 50ms Entity max Tick Time: 50ms
Server threadEx[15Jan2026 02:28:05.545] [Server thread/INFO] [Minecraft/]: View Distance: 10
Server threadEx[15Jan2026 02:28:05.545] [Server thread/INFO] [Minecraft/]: Simulation Distance: 10
Server threadEx[15Jan2026 02:28:05.545] [Server thread/INFO] [Minecraft/]: Item Merge Radius: 2.5
Server threadEx[15Jan2026 02:28:05.545] [Server thread/INFO] [Minecraft/]: Item Despawn Rate: 6000
Server threadEx[15Jan2026 02:28:05.545] [Server thread/INFO] [Minecraft/]: Nerfing mobs spawned from spawners: false
Server threadEx[15Jan2026 02:28:05.593] [Server thread/INFO] [Minecraft/]: -------- World Settings For [world/DIM1] --------
Server threadEx[15Jan2026 02:28:05.593] [Server thread/INFO] [Minecraft/]: Experience Merge Radius: 3.0
Server threadEx[15Jan2026 02:28:05.593] [Server thread/INFO] [Minecraft/]: Mob Spawn Range: 6
Server threadEx[15Jan2026 02:28:05.593] [Server thread/INFO] [Minecraft/]: Arrow Despawn Rate: 1200 Trident Respawn Rate:1200
Server threadEx[15Jan2026 02:28:05.593] [Server thread/INFO] [Minecraft/]: Cactus Growth Modifier: 100%
Server threadEx[15Jan2026 02:28:05.593] [Server thread/INFO] [Minecraft/]: Cane Growth Modifier: 100%
Server threadEx[15Jan2026 02:28:05.593] [Server thread/INFO] [Minecraft/]: Melon Growth Modifier: 100%
Server threadEx[15Jan2026 02:28:05.593] [Server thread/INFO] [Minecraft/]: Mushroom Growth Modifier: 100%
Server threadEx[15Jan2026 02:28:05.593] [Server thread/INFO] [Minecraft/]: Pumpkin Growth Modifier: 100%
Server threadEx[15Jan2026 02:28:05.593] [Server thread/INFO] [Minecraft/]: Sapling Growth Modifier: 100%
Server threadEx[15Jan2026 02:28:05.593] [Server thread/INFO] [Minecraft/]: Beetroot Growth Modifier: 100%
Server threadEx[15Jan2026 02:28:05.593] [Server thread/INFO] [Minecraft/]: Carrot Growth Modifier: 100%
Server threadEx[15Jan2026 02:28:05.593] [Server thread/INFO] [Minecraft/]: Potato Growth Modifier: 100%
Server threadEx[15Jan2026 02:28:05.593] [Server thread/INFO] [Minecraft/]: Wheat Growth Modifier: 100%
Server threadEx[15Jan2026 02:28:05.593] [Server thread/INFO] [Minecraft/]: NetherWart Growth Modifier: 100%
Server threadEx[15Jan2026 02:28:05.593] [Server thread/INFO] [Minecraft/]: Vine Growth Modifier: 100%
Server threadEx[15Jan2026 02:28:05.593] [Server thread/INFO] [Minecraft/]: Cocoa Growth Modifier: 100%
Server threadEx[15Jan2026 02:28:05.593] [Server thread/INFO] [Minecraft/]: Bamboo Growth Modifier: 100%
Server threadEx[15Jan2026 02:28:05.593] [Server thread/INFO] [Minecraft/]: SweetBerry Growth Modifier: 100%
Server threadEx[15Jan2026 02:28:05.593] [Server thread/INFO] [Minecraft/]: Kelp Growth Modifier: 100%
Server threadEx[15Jan2026 02:28:05.593] [Server thread/INFO] [Minecraft/]: TwistingVines Growth Modifier: 100%
Server threadEx[15Jan2026 02:28:05.593] [Server thread/INFO] [Minecraft/]: WeepingVines Growth Modifier: 100%
Server threadEx[15Jan2026 02:28:05.593] [Server thread/INFO] [Minecraft/]: CaveVines Growth Modifier: 100%
Server threadEx[15Jan2026 02:28:05.593] [Server thread/INFO] [Minecraft/]: Entity Activation Range: An 32 / Mo 32 / Ra 48 / Mi 16 / Tiv true / Isa false
Server threadEx[15Jan2026 02:28:05.593] [Server thread/INFO] [Minecraft/]: Entity Tracking Range: Pl 48 / An 48 / Mo 48 / Mi 32 / Di 128 / Other 64
Server threadEx[15Jan2026 02:28:05.593] [Server thread/INFO] [Minecraft/]: Hopper Transfer: 8 Hopper Check: 1 Hopper Amount: 1 Hopper Can Load Chunks: false
Server threadEx[15Jan2026 02:28:05.593] [Server thread/INFO] [Minecraft/]: Zombie Aggressive Towards Villager: true
Server threadEx[15Jan2026 02:28:05.593] [Server thread/INFO] [Minecraft/]: Allow Zombie Pigmen to spawn from portal blocks: true
Server threadEx[15Jan2026 02:28:05.593] [Server thread/INFO] [Minecraft/]: Custom Map Seeds:  Village: 10387312 Desert: 14357617 Igloo: 14357618 Jungle: 14357619 Swamp: 14357620 Monument: 10387313 Ocean: 14357621 Shipwreck: 165745295 End City: 10387313 Slime: 987234911 Nether: 30084232 Mansion: 10387319 Fossil: 14357921 Portal: 34222645
Server threadEx[15Jan2026 02:28:05.593] [Server thread/INFO] [Minecraft/]: Max TNT Explosions: 100
Server threadEx[15Jan2026 02:28:05.593] [Server thread/INFO] [Minecraft/]: Tile Max Tick Time: 50ms Entity max Tick Time: 50ms
Server threadEx[15Jan2026 02:28:05.593] [Server thread/INFO] [Minecraft/]: View Distance: 10
Server threadEx[15Jan2026 02:28:05.593] [Server thread/INFO] [Minecraft/]: Simulation Distance: 10
Server threadEx[15Jan2026 02:28:05.594] [Server thread/INFO] [Minecraft/]: Item Merge Radius: 2.5
Server threadEx[15Jan2026 02:28:05.594] [Server thread/INFO] [Minecraft/]: Item Despawn Rate: 6000
Server threadEx[15Jan2026 02:28:05.594] [Server thread/INFO] [Minecraft/]: Nerfing mobs spawned from spawners: false
Server threadEx[15Jan2026 02:28:05.628] [Server thread/INFO] [net.minecraft.server.MinecraftServer/]: Preparing start region for dimension minecraft:overworld
Server threadEx[15Jan2026 02:28:05.688] [Worker-Main-2/INFO] [net.minecraft.class_3951/]: Preparing spawn area: 2%
Worker-Main-2Ex[15Jan2026 02:28:06.159] [Worker-Main-3/INFO] [net.minecraft.class_3951/]: Preparing spawn area: 2%
Worker-Main-3Ex[15Jan2026 02:28:06.660] [Worker-Main-3/INFO] [net.minecraft.class_3951/]: Preparing spawn area: 2%
Worker-Main-3Ex[15Jan2026 02:28:07.130] [Worker-Main-2/INFO] [net.minecraft.class_3951/]: Preparing spawn area: 2%
Worker-Main-2Ex[15Jan2026 02:28:07.629] [Worker-Main-1/INFO] [net.minecraft.class_3951/]: Preparing spawn area: 18%
Worker-Main-1Ex[15Jan2026 02:28:08.139] [Worker-Main-2/INFO] [net.minecraft.class_3951/]: Preparing spawn area: 18%
Worker-Main-2Ex[15Jan2026 02:28:08.631] [Worker-Main-2/INFO] [net.minecraft.class_3951/]: Preparing spawn area: 18%
Worker-Main-2Ex[15Jan2026 02:28:09.155] [Worker-Main-1/INFO] [net.minecraft.class_3951/]: Preparing spawn area: 51%
Worker-Main-1Ex[15Jan2026 02:28:09.631] [Worker-Main-3/INFO] [net.minecraft.class_3951/]: Preparing spawn area: 51%
Worker-Main-3Ex[15Jan2026 02:28:10.135] [Worker-Main-3/INFO] [net.minecraft.class_3951/]: Preparing spawn area: 69%
Worker-Main-3Ex[15Jan2026 02:28:10.269] [Server thread/INFO] [net.minecraft.class_3951/]: Time elapsed: 4641 ms
Server threadEx[15Jan2026 02:28:10.270] [Server thread/INFO] [net.minecraft.class_3176/]: Done (11.183s)! For help, type "help"
Server threadEx[15Jan2026 02:31:37.584] [User Authenticator #1/INFO] [net.minecraft.class_3248/]: UUID of player Ezzeryalll is deee5eb4-3cd4-3b4a-897d-47215f9330fb
User Authenticator #1Ex[15Jan2026 02:31:39.645] [Server thread/INFO] [net.minecraft.class_3324/]: Ezzeryalll[/172.24.209.68:58576] logged in with entity id 40 at (170.5, 64.0, 93.5)
Server threadEx[15Jan2026 02:31:39.682] [Server thread/INFO] [net.minecraft.server.MinecraftServer/]: Ezzeryalll joined the game
Server threadEx[15Jan2026 02:32:08.077] [Server thread/INFO] [net.minecraft.class_3244/]: Ezzeryalll lost connection: Disconnected
Server threadEx[15Jan2026 02:32:08.093] [Server thread/INFO] [net.minecraft.server.MinecraftServer/]: Ezzeryalll left the game
Server threadEx[15Jan2026 02:32:54.523] [Server thread/INFO] [Console/]: Unknown command. Type "/help" for help.
Server threadEx[15Jan2026 02:33:09.822] [Server thread/INFO] [Console/]: Unknown command. Type "/help" for help.
Server threadEx[15Jan2026 02:33:16.072] [Server thread/INFO] [Console/]: Unknown command. Type "/help" for help.
Server threadEx[15Jan2026 02:33:19.774] [Server thread/INFO] [Console/]: --------- Help: Index ---------------------------
Server threadEx[15Jan2026 02:33:19.774] [Server thread/INFO] [Console/]: Use /help [n] to get page n of help.
Server threadEx[15Jan2026 02:33:19.774] [Server thread/INFO] [Console/]: Aliases: Lists command aliases
Server threadEx[15Jan2026 02:33:19.774] [Server thread/INFO] [Console/]: Bukkit: All commands for Bukkit
Server threadEx[15Jan2026 02:33:19.774] [Server thread/INFO] [Console/]: Minecraft: All commands for Minecraft
Server threadEx[15Jan2026 02:33:19.774] [Server thread/INFO] [Console/]: /advancement: A Mojang provided command.
Server threadEx[15Jan2026 02:33:19.774] [Server thread/INFO] [Console/]: /attribute: A Mojang provided command.
Server threadEx[15Jan2026 02:33:19.774] [Server thread/INFO] [Console/]: /ban: A Mojang provided command.
Server threadEx[15Jan2026 02:33:19.774] [Server thread/INFO] [Console/]: /ban-ip: A Mojang provided command.
Server threadEx[15Jan2026 02:33:19.774] [Server thread/INFO] [Console/]: /banlist: A Mojang provided command.
Server threadEx[15Jan2026 02:33:19.774] [Server thread/INFO] [Console/]: /bossbar: A Mojang provided command.
Server threadEx[15Jan2026 02:33:19.774] [Server thread/INFO] [Console/]: /clear: A Mojang provided command.
Server threadEx[15Jan2026 02:33:19.774] [Server thread/INFO] [Console/]: /clone: A Mojang provided command.
Server threadEx[15Jan2026 02:33:19.774] [Server thread/INFO] [Console/]: /damage: A Mojang provided command.
Server threadEx[15Jan2026 02:33:19.774] [Server thread/INFO] [Console/]: /data: A Mojang provided command.
Server threadEx[15Jan2026 02:33:19.774] [Server thread/INFO] [Console/]: /datapack: A Mojang provided command.
Server threadEx[15Jan2026 02:33:19.774] [Server thread/INFO] [Console/]: /debug: A Mojang provided command.
Server threadEx[15Jan2026 02:33:19.774] [Server thread/INFO] [Console/]: /defaultgamemode: A Mojang provided command.
Server threadEx[15Jan2026 02:33:19.774] [Server thread/INFO] [Console/]: /deop: A Mojang provided command.
Server threadEx[15Jan2026 02:33:19.774] [Server thread/INFO] [Console/]: /difficulty: A Mojang provided command.
Server threadEx[15Jan2026 02:33:19.774] [Server thread/INFO] [Console/]: /effect: A Mojang provided command.
Server threadEx[15Jan2026 02:33:19.774] [Server thread/INFO] [Console/]: /enchant: A Mojang provided command.
Server threadEx[15Jan2026 02:33:19.774] [Server thread/INFO] [Console/]: /execute: A Mojang provided command.
Server threadEx[15Jan2026 02:33:19.774] [Server thread/INFO] [Console/]: /experience: A Mojang provided command.
Server threadEx[15Jan2026 02:33:19.774] [Server thread/INFO] [Console/]: /fill: A Mojang provided command.
Server threadEx[15Jan2026 02:33:19.774] [Server thread/INFO] [Console/]: /fillbiome: A Mojang provided command.
Server threadEx[15Jan2026 02:33:19.774] [Server thread/INFO] [Console/]: /forceload: A Mojang provided command.
Server threadEx[15Jan2026 02:33:19.774] [Server thread/INFO] [Console/]: /function: A Mojang provided command.
Server threadEx[15Jan2026 02:33:19.774] [Server thread/INFO] [Console/]: /gamemode: A Mojang provided command.
Server threadEx[15Jan2026 02:33:19.774] [Server thread/INFO] [Console/]: /gamerule: A Mojang provided command.
Server threadEx[15Jan2026 02:33:19.774] [Server thread/INFO] [Console/]: /give: A Mojang provided command.
Server threadEx[15Jan2026 02:33:19.774] [Server thread/INFO] [Console/]: /help: Shows the help menu
Server threadEx[15Jan2026 02:33:19.774] [Server thread/INFO] [Console/]: /item: A Mojang provided command.
Server threadEx[15Jan2026 02:33:19.774] [Server thread/INFO] [Console/]: /jfr: A Mojang provided command.
Server threadEx[15Jan2026 02:33:19.774] [Server thread/INFO] [Console/]: /kick: A Mojang provided command.
Server threadEx[15Jan2026 02:33:19.774] [Server thread/INFO] [Console/]: /kill: A Mojang provided command.
Server threadEx[15Jan2026 02:33:19.774] [Server thread/INFO] [Console/]: /list: A Mojang provided command.
Server threadEx[15Jan2026 02:33:19.774] [Server thread/INFO] [Console/]: /locate: A Mojang provided command.
Server threadEx[15Jan2026 02:33:19.774] [Server thread/INFO] [Console/]: /loot: A Mojang provided command.
Server threadEx[15Jan2026 02:33:19.774] [Server thread/INFO] [Console/]: /me: A Mojang provided command.
Server threadEx[15Jan2026 02:33:19.774] [Server thread/INFO] [Console/]: /minecraft:help: A Mojang provided command.
Server threadEx[15Jan2026 02:33:19.774] [Server thread/INFO] [Console/]: /minecraft:reload: A Mojang provided command.
Server threadEx[15Jan2026 02:33:19.774] [Server thread/INFO] [Console/]: /msg: A Mojang provided command.
Server threadEx[15Jan2026 02:33:19.774] [Server thread/INFO] [Console/]: /op: A Mojang provided command.
Server threadEx[15Jan2026 02:33:19.774] [Server thread/INFO] [Console/]: /pardon: A Mojang provided command.
Server threadEx[15Jan2026 02:33:19.774] [Server thread/INFO] [Console/]: /pardon-ip: A Mojang provided command.
Server threadEx[15Jan2026 02:33:19.774] [Server thread/INFO] [Console/]: /particle: A Mojang provided command.
Server threadEx[15Jan2026 02:33:19.774] [Server thread/INFO] [Console/]: /perf: A Mojang provided command.
Server threadEx[15Jan2026 02:33:19.774] [Server thread/INFO] [Console/]: /place: A Mojang provided command.
Server threadEx[15Jan2026 02:33:19.775] [Server thread/INFO] [Console/]: /playsound: A Mojang provided command.
Server threadEx[15Jan2026 02:33:19.775] [Server thread/INFO] [Console/]: /plugins: Gets a list of plugins running on the server
Server threadEx[15Jan2026 02:33:19.775] [Server thread/INFO] [Console/]: /random: A Mojang provided command.
Server threadEx[15Jan2026 02:33:19.775] [Server thread/INFO] [Console/]: /recipe: A Mojang provided command.
Server threadEx[15Jan2026 02:33:19.775] [Server thread/INFO] [Console/]: /reload: Reloads the server configuration and plugins
Server threadEx[15Jan2026 02:33:19.775] [Server thread/INFO] [Console/]: /restart: Restarts the server
Server threadEx[15Jan2026 02:33:19.775] [Server thread/INFO] [Console/]: /return: A Mojang provided command.
Server threadEx[15Jan2026 02:33:19.775] [Server thread/INFO] [Console/]: /ride: A Mojang provided command.
Server threadEx[15Jan2026 02:33:19.775] [Server thread/INFO] [Console/]: /save-all: A Mojang provided command.
Server threadEx[15Jan2026 02:33:19.775] [Server thread/INFO] [Console/]: /save-off: A Mojang provided command.
Server threadEx[15Jan2026 02:33:19.775] [Server thread/INFO] [Console/]: /save-on: A Mojang provided command.
Server threadEx[15Jan2026 02:33:19.775] [Server thread/INFO] [Console/]: /say: A Mojang provided command.
Server threadEx[15Jan2026 02:33:19.775] [Server thread/INFO] [Console/]: /schedule: A Mojang provided command.
Server threadEx[15Jan2026 02:33:19.775] [Server thread/INFO] [Console/]: /scoreboard: A Mojang provided command.
Server threadEx[15Jan2026 02:33:19.775] [Server thread/INFO] [Console/]: /seed: A Mojang provided command.
Server threadEx[15Jan2026 02:33:19.775] [Server thread/INFO] [Console/]: /setblock: A Mojang provided command.
Server threadEx[15Jan2026 02:33:19.775] [Server thread/INFO] [Console/]: /setidletimeout: A Mojang provided command.
Server threadEx[15Jan2026 02:33:19.775] [Server thread/INFO] [Console/]: /setworldspawn: A Mojang provided command.
Server threadEx[15Jan2026 02:33:19.775] [Server thread/INFO] [Console/]: /spawnpoint: A Mojang provided command.
Server threadEx[15Jan2026 02:33:19.775] [Server thread/INFO] [Console/]: /spectate: A Mojang provided command.
Server threadEx[15Jan2026 02:33:19.775] [Server thread/INFO] [Console/]: /spigot: Spigot related commands
Server threadEx[15Jan2026 02:33:19.775] [Server thread/INFO] [Console/]: /spreadplayers: A Mojang provided command.
Server threadEx[15Jan2026 02:33:19.775] [Server thread/INFO] [Console/]: /stop: A Mojang provided command.
Server threadEx[15Jan2026 02:33:19.775] [Server thread/INFO] [Console/]: /stopsound: A Mojang provided command.
Server threadEx[15Jan2026 02:33:19.775] [Server thread/INFO] [Console/]: /summon: A Mojang provided command.
Server threadEx[15Jan2026 02:33:19.775] [Server thread/INFO] [Console/]: /tag: A Mojang provided command.
Server threadEx[15Jan2026 02:33:19.775] [Server thread/INFO] [Console/]: /team: A Mojang provided command.
Server threadEx[15Jan2026 02:33:19.775] [Server thread/INFO] [Console/]: /teammsg: A Mojang provided command.
Server threadEx[15Jan2026 02:33:19.775] [Server thread/INFO] [Console/]: /teleport: A Mojang provided command.
Server threadEx[15Jan2026 02:33:19.775] [Server thread/INFO] [Console/]: /tell: A Mojang provided command.
Server threadEx[15Jan2026 02:33:19.775] [Server thread/INFO] [Console/]: /tellraw: A Mojang provided command.
Server threadEx[15Jan2026 02:33:19.775] [Server thread/INFO] [Console/]: /tick: A Mojang provided command.
Server threadEx[15Jan2026 02:33:19.775] [Server thread/INFO] [Console/]: /time: A Mojang provided command.
Server threadEx[15Jan2026 02:33:19.775] [Server thread/INFO] [Console/]: /timings: Manages Spigot Timings data to see performance of the server.
Server threadEx[15Jan2026 02:33:19.775] [Server thread/INFO] [Console/]: /title: A Mojang provided command.
Server threadEx[15Jan2026 02:33:19.775] [Server thread/INFO] [Console/]: /tm: A Mojang provided command.
Server threadEx[15Jan2026 02:33:19.775] [Server thread/INFO] [Console/]: /tp: A Mojang provided command.
Server threadEx[15Jan2026 02:33:19.775] [Server thread/INFO] [Console/]: /tps: Gets the current ticks per second for the server
Server threadEx[15Jan2026 02:33:19.775] [Server thread/INFO] [Console/]: /transfer: A Mojang provided command.
Server threadEx[15Jan2026 02:33:19.775] [Server thread/INFO] [Console/]: /trigger: A Mojang provided command.
Server threadEx[15Jan2026 02:33:19.775] [Server thread/INFO] [Console/]: /version: Gets the version of this server including any plugins in use
Server threadEx[15Jan2026 02:33:19.775] [Server thread/INFO] [Console/]: /w: A Mojang provided command.
Server threadEx[15Jan2026 02:33:19.775] [Server thread/INFO] [Console/]: /weather: A Mojang provided command.
Server threadEx[15Jan2026 02:33:19.775] [Server thread/INFO] [Console/]: /whitelist: A Mojang provided command.
Server threadEx[15Jan2026 02:33:19.775] [Server thread/INFO] [Console/]: /worldborder: A Mojang provided command.
Server threadEx[15Jan2026 02:33:19.775] [Server thread/INFO] [Console/]: /xp: A Mojang provided command.
Server threadEx[15Jan2026 02:36:59.822] [Server thread/INFO] [Console/]: Unknown command. Type "/help" for help.
Server threadEx[15Jan2026 02:39:58.967] [User Authenticator #2/INFO] [net.minecraft.class_3248/]: UUID of player Ezzeryalll is deee5eb4-3cd4-3b4a-897d-47215f9330fb
User Authenticator #2Ex[15Jan2026 02:40:00.411] [Server thread/INFO] [net.minecraft.class_3324/]: Ezzeryalll[/172.24.209.68:60371] logged in with entity id 465 at (193.5715350203051, 73.0, 97.1413746082494)
Server threadEx[15Jan2026 02:40:00.417] [Server thread/INFO] [net.minecraft.server.MinecraftServer/]: Ezzeryalll joined the game
Server threadEx[15Jan2026 02:40:48.407] [Server thread/INFO] [net.minecraft.server.MinecraftServer/]: Made Ezzeryalll a server operator
Server threadEx[15Jan2026 02:40:58.414] [Server thread/INFO] [net.minecraft.class_3244/]: Ezzeryalll issued server command: /gamemode creative
Server threadEx[15Jan2026 02:40:58.416] [Server thread/INFO] [net.minecraft.server.MinecraftServer/]: [Ezzeryalll: Set own game mode to Creative Mode]
Server threadEx[15Jan2026 02:41:40.674] [Server thread/INFO] [net.minecraft.class_3244/]: Ezzeryalll lost connection: Disconnected
Server threadEx[15Jan2026 02:41:40.681] [Server thread/INFO] [net.minecraft.server.MinecraftServer/]: Ezzeryalll left the game
Server threadEx[15Jan2026 03:03:13.571] [User Authenticator #3/INFO] [net.minecraft.class_3248/]: UUID of player Ezzeryalll is deee5eb4-3cd4-3b4a-897d-47215f9330fb
User Authenticator #3Ex[15Jan2026 03:03:15.006] [Server thread/INFO] [net.minecraft.class_3324/]: Ezzeryalll[/172.24.209.68:53534] logged in with entity id 828 at (225.76265374704482, 74.0, 82.29632064055183)
Server threadEx[15Jan2026 03:03:15.025] [Server thread/INFO] [net.minecraft.server.MinecraftServer/]: Ezzeryalll joined the game
Server threadEx